<?xml version='1.0' encoding='UTF-8'?>
<testsuite hostname="HaroldWus-MacBook-Pro.local" name="edu.neu.coe.csye7200.asstwc.WebCrawlerSpec" tests="7" errors="0" failures="0" skipped="0" time="4.954" timestamp="2020-11-11T16:15:07">
                     <properties>
[...]
</properties>
                     <testcase classname="edu.neu.coe.csye7200.asstwc.WebCrawlerSpec" name="html" time="0.42">
                                                 
                                               </testcase><testcase classname="edu.neu.coe.csye7200.asstwc.WebCrawlerSpec" name="html" time="0.257">
                                                 
                                               </testcase><testcase classname="edu.neu.coe.csye7200.asstwc.WebCrawlerSpec" name="edu/junk" time="0.066">
                                                 
                                               </testcase><testcase classname="edu.neu.coe.csye7200.asstwc.WebCrawlerSpec" name="html" time="0.004">
                                                 
                                               </testcase><testcase classname="edu.neu.coe.csye7200.asstwc.WebCrawlerSpec" name="com/" time="0.352">
                                                 
                                               </testcase><testcase classname="edu.neu.coe.csye7200.asstwc.WebCrawlerSpec" name="filterAndFlatten should work" time="1.233">
                                                 
                                               </testcase><testcase classname="edu.neu.coe.csye7200.asstwc.WebCrawlerSpec" name="html, depth 2" time="2.622">
                                                 
                                               </testcase>
                     <system-out><![CDATA[]]></system-out>
                     <system-err><![CDATA[]]></system-err>
                   </testsuite>